<?xml version="1.0" encoding="UTF-8"?>
<testng-results skipped="0" failed="0" ignored="0" total="2" passed="2">
  <reporter-output>
  </reporter-output>
  <suite name="Default suite" duration-ms="4197" started-at="2021-10-08T10:09:23Z" finished-at="2021-10-08T10:09:28Z">
    <groups>
    </groups>
    <test name="Default test" duration-ms="4197" started-at="2021-10-08T10:09:23Z" finished-at="2021-10-08T10:09:28Z">
      <class name="day2.GitHub">
        <test-method status="PASS" signature="beforetest()[pri:0, instance:day2.GitHub@43301423]" name="beforetest" is-config="true" duration-ms="506" started-at="2021-10-08T10:09:23Z" finished-at="2021-10-08T10:09:24Z">
          <reporter-output>
          </reporter-output>
        </test-method> <!-- beforetest -->
        <test-method status="PASS" signature="createRepositories()[pri:0, instance:day2.GitHub@43301423]" name="createRepositories" duration-ms="2850" started-at="2021-10-08T10:09:24Z" finished-at="2021-10-08T10:09:27Z">
          <reporter-output>
          </reporter-output>
        </test-method> <!-- createRepositories -->
        <test-method status="PASS" signature="gettingAllRepositories()[pri:0, instance:day2.GitHub@43301423]" name="gettingAllRepositories" duration-ms="811" started-at="2021-10-08T10:09:27Z" finished-at="2021-10-08T10:09:28Z">
          <reporter-output>
          </reporter-output>
        </test-method> <!-- gettingAllRepositories -->
      </class> <!-- day2.GitHub -->
    </test> <!-- Default test -->
  </suite> <!-- Default suite -->
</testng-results>
